<?xml version="1.0" encoding="UTF-8"?>
<!-- Generated by org.testng.reporters.JUnitReportReporter -->
<testsuite skipped="2" hostname="NOI-665BNN2" name="com.newtours.tests.BookFlightTest" tests="20" failures="0" timestamp="2020-06-04T11:10:24 IST" time="463.293" errors="1">
  <testcase name="registrationConfirmationPage" time="5.293" classname="com.newtours.tests.BookFlightTest"/>
  <system-out/>
  <testcase name="flightDetailsPage" time="1.873" classname="com.newtours.tests.BookFlightTest"/>
  <system-out/>
  <testcase name="flightDetailsPage" time="0.981" classname="com.newtours.tests.BookFlightTest"/>
  <system-out/>
  <testcase name="flightDetailsPage" time="1.284" classname="com.newtours.tests.BookFlightTest"/>
  <system-out/>
  <testcase name="registrationPage" time="129.967" classname="com.newtours.tests.BookFlightTest"/>
  <system-out/>
  <testcase name="findFlightPage" time="2.428" classname="com.newtours.tests.BookFlightTest"/>
  <system-out/>
  <testcase name="registrationConfirmationPage" time="1.130" classname="com.newtours.tests.BookFlightTest"/>
  <system-out/>
  <testcase name="flightConfirmationPage" time="1.317" classname="com.newtours.tests.BookFlightTest"/>
  <system-out/>
  <testcase name="flightDetailsPage" time="30.105" classname="com.newtours.tests.BookFlightTest">
    <error type="org.openqa.selenium.TimeoutException" message="Expected condition failed: waiting for element to be clickable: Proxy element for: DefaultElementLocator &#039;By.name: passCount&#039; (tried for 30 second(s) with 500 milliseconds interval)">
      <![CDATA[org.openqa.selenium.TimeoutException: Expected condition failed: waiting for element to be clickable: Proxy element for: DefaultElementLocator 'By.name: passCount' (tried for 30 second(s) with 500 milliseconds interval)
at org.openqa.selenium.support.ui.WebDriverWait.timeoutException(WebDriverWait.java:113)
at org.openqa.selenium.support.ui.FluentWait.until(FluentWait.java:283)
at com.newtours.pages.FlightDetailsPage.selectPassengers(FlightDetailsPage.java:29)
at com.newtours.tests.BookFlightTest.flightDetailsPage(BookFlightTest.java:55)
at sun.reflect.NativeMethodAccessorImpl.invoke0(Native Method)
at sun.reflect.NativeMethodAccessorImpl.invoke(NativeMethodAccessorImpl.java:62)
at sun.reflect.DelegatingMethodAccessorImpl.invoke(DelegatingMethodAccessorImpl.java:43)
at java.lang.reflect.Method.invoke(Method.java:498)
at org.testng.internal.MethodInvocationHelper.invokeMethod(MethodInvocationHelper.java:134)
at org.testng.internal.TestInvoker.invokeMethod(TestInvoker.java:597)
at org.testng.internal.TestInvoker.invokeTestMethod(TestInvoker.java:173)
at org.testng.internal.MethodRunner.runInSequence(MethodRunner.java:46)
at org.testng.internal.TestInvoker$MethodInvocationAgent.invoke(TestInvoker.java:816)
at org.testng.internal.TestInvoker.invokeTestMethods(TestInvoker.java:146)
at org.testng.internal.TestMethodWorker.invokeTestMethods(TestMethodWorker.java:146)
at org.testng.internal.TestMethodWorker.run(TestMethodWorker.java:128)
at java.util.ArrayList.forEach(ArrayList.java:1257)
at org.testng.TestRunner.privateRun(TestRunner.java:766)
at org.testng.TestRunner.run(TestRunner.java:587)
at org.testng.SuiteRunner.runTest(SuiteRunner.java:384)
at org.testng.SuiteRunner.runSequentially(SuiteRunner.java:378)
at org.testng.SuiteRunner.privateRun(SuiteRunner.java:337)
at org.testng.SuiteRunner.run(SuiteRunner.java:286)
at org.testng.SuiteRunnerWorker.runSuite(SuiteRunnerWorker.java:53)
at org.testng.SuiteRunnerWorker.run(SuiteRunnerWorker.java:96)
at org.testng.TestNG.runSuitesSequentially(TestNG.java:1187)
at org.testng.TestNG.runSuitesLocally(TestNG.java:1109)
at org.testng.TestNG.runSuites(TestNG.java:1039)
at org.testng.TestNG.run(TestNG.java:1007)
at org.apache.maven.surefire.testng.TestNGExecutor.run(TestNGExecutor.java:283)
at org.apache.maven.surefire.testng.TestNGXmlTestSuite.execute(TestNGXmlTestSuite.java:75)
at org.apache.maven.surefire.testng.TestNGProvider.invoke(TestNGProvider.java:120)
at org.apache.maven.surefire.booter.ForkedBooter.runSuitesInProcess(ForkedBooter.java:377)
at org.apache.maven.surefire.booter.ForkedBooter.execute(ForkedBooter.java:138)
at org.apache.maven.surefire.booter.ForkedBooter.run(ForkedBooter.java:465)
at org.apache.maven.surefire.booter.ForkedBooter.main(ForkedBooter.java:451)
Caused by: org.openqa.selenium.NoSuchElementException: no such element: Unable to locate element: {"method":"css selector","selector":"*[name='passCount']"}
  (Session info: chrome=83.0.4103.61)
For documentation on this error, please visit: http://seleniumhq.org/exceptions/no_such_element.html
Build info: version: '3.14.0', revision: 'aacccce0', time: '2018-08-02T20:19:58.91Z'
System info: host: 'NOI-665BNN2', ip: '192.168.0.5', os.name: 'Windows 7', os.arch: 'amd64', os.version: '6.1', java.version: '1.8.0_211'
Driver info: org.openqa.selenium.chrome.ChromeDriver
Capabilities {acceptInsecureCerts: false, browserName: chrome, browserVersion: 83.0.4103.61, chrome: {chromedriverVersion: 83.0.4103.39 (ccbf011cb2d2b..., userDataDir: C:\Users\10060442\AppData\L...}, goog:chromeOptions: {debuggerAddress: localhost:55505}, javascriptEnabled: true, networkConnectionEnabled: false, pageLoadStrategy: normal, platform: WINDOWS, platformName: WINDOWS, proxy: Proxy(), setWindowRect: true, strictFileInteractability: false, timeouts: {implicit: 0, pageLoad: 300000, script: 30000}, unhandledPromptBehavior: dismiss and notify, webauthn:virtualAuthenticators: true}
Session ID: be0c3286b43143c0655e6349d56158f4
*** Element info: {Using=name, value=passCount}
at sun.reflect.GeneratedConstructorAccessor11.newInstance(Unknown Source)
at sun.reflect.DelegatingConstructorAccessorImpl.newInstance(DelegatingConstructorAccessorImpl.java:45)
at java.lang.reflect.Constructor.newInstance(Constructor.java:423)
at org.openqa.selenium.remote.http.W3CHttpResponseCodec.createException(W3CHttpResponseCodec.java:187)
at org.openqa.selenium.remote.http.W3CHttpResponseCodec.decode(W3CHttpResponseCodec.java:122)
at org.openqa.selenium.remote.http.W3CHttpResponseCodec.decode(W3CHttpResponseCodec.java:49)
at org.openqa.selenium.remote.HttpCommandExecutor.execute(HttpCommandExecutor.java:158)
at org.openqa.selenium.remote.service.DriverCommandExecutor.execute(DriverCommandExecutor.java:83)
at org.openqa.selenium.remote.RemoteWebDriver.execute(RemoteWebDriver.java:548)
at org.openqa.selenium.remote.RemoteWebDriver.findElement(RemoteWebDriver.java:322)
at org.openqa.selenium.remote.RemoteWebDriver.findElementByName(RemoteWebDriver.java:400)
at org.openqa.selenium.By$ByName.findElement(By.java:284)
at org.openqa.selenium.remote.RemoteWebDriver.findElement(RemoteWebDriver.java:314)
at org.openqa.selenium.support.pagefactory.DefaultElementLocator.findElement(DefaultElementLocator.java:69)
at org.openqa.selenium.support.pagefactory.internal.LocatingElementHandler.invoke(LocatingElementHandler.java:38)
at com.sun.proxy.$Proxy7.isDisplayed(Unknown Source)
at org.openqa.selenium.support.ui.ExpectedConditions.elementIfVisible(ExpectedConditions.java:315)
at org.openqa.selenium.support.ui.ExpectedConditions.access$100(ExpectedConditions.java:44)
at org.openqa.selenium.support.ui.ExpectedConditions$10.apply(ExpectedConditions.java:301)
at org.openqa.selenium.support.ui.ExpectedConditions$10.apply(ExpectedConditions.java:298)
at org.openqa.selenium.support.ui.ExpectedConditions$23.apply(ExpectedConditions.java:686)
at org.openqa.selenium.support.ui.ExpectedConditions$23.apply(ExpectedConditions.java:682)
at org.openqa.selenium.support.ui.FluentWait.until(FluentWait.java:260)
... 34 more
]]>
    </error>
  </testcase> <!-- flightDetailsPage -->
  <system-out/>
  <testcase name="flightConfirmationPage" time="1.460" classname="com.newtours.tests.BookFlightTest"/>
  <system-out/>
  <testcase name="registrationConfirmationPage" time="1.088" classname="com.newtours.tests.BookFlightTest"/>
  <system-out/>
  <testcase name="registrationPage" time="151.882" classname="com.newtours.tests.BookFlightTest"/>
  <system-out/>
  <testcase name="flightConfirmationPage" time="1.229" classname="com.newtours.tests.BookFlightTest"/>
  <system-out/>
  <testcase name="findFlightPage" time="2.530" classname="com.newtours.tests.BookFlightTest"/>
  <system-out/>
  <testcase name="registrationConfirmationPage" time="1.160" classname="com.newtours.tests.BookFlightTest"/>
  <system-out/>
  <testcase name="flightConfirmationPage" time="0.000" classname="com.newtours.tests.BookFlightTest">
    <skipped/>
  </testcase> <!-- flightConfirmationPage -->
  <system-out/>
  <testcase name="findFlightPage" time="0.000" classname="com.newtours.tests.BookFlightTest">
    <skipped/>
  </testcase> <!-- findFlightPage -->
  <system-out/>
  <testcase name="findFlightPage" time="2.461" classname="com.newtours.tests.BookFlightTest"/>
  <system-out/>
  <testcase name="registrationPage" time="73.769" classname="com.newtours.tests.BookFlightTest"/>
  <system-out/>
  <testcase name="registrationPage" time="53.336" classname="com.newtours.tests.BookFlightTest"/>
  <system-out/>
</testsuite> <!-- com.newtours.tests.BookFlightTest -->
